<?xml version="1.0" encoding="UTF-8"?>
<!-- Generated by org.testng.reporters.JUnitReportReporter -->
<testsuite hostname="IPS-215" failures="0" tests="1" name="DataDrivenTesting.LMS_API" time="2.312" errors="0" timestamp="2024-02-21T16:31:52 IST" skipped="0">
  <testcase classname="DataDrivenTesting.LMS_API" name="Login" time="2.312"/>
</testsuite> <!-- DataDrivenTesting.LMS_API -->
